!SESSION 2023-01-09 13:34:34.298 -----------------------------------------------
eclipse.buildId=unknown
java.version=11.0.17
java.vendor=OpenLogic
BootLoader constants: OS=win32, ARCH=x86_64, WS=win32, NL=en_US

!ENTRY org.eclipse.equinox.simpleconfigurator 4 0 2023-01-09 13:34:34.299
!MESSAGE FrameworkEvent ERROR
!STACK 0
org.osgi.framework.BundleException: Exception in org.eclipse.equinox.internal.simpleconfigurator.Activator.start() of bundle org.eclipse.equinox.simpleconfigurator.
	at org.eclipse.osgi.internal.framework.BundleContextImpl.startActivator(BundleContextImpl.java:863)
	at org.eclipse.osgi.internal.framework.BundleContextImpl.start(BundleContextImpl.java:791)
	at org.eclipse.osgi.internal.framework.EquinoxBundle.startWorker0(EquinoxBundle.java:1013)
	at org.eclipse.osgi.internal.framework.EquinoxBundle$EquinoxModule.startWorker(EquinoxBundle.java:365)
	at org.eclipse.osgi.container.Module.doStart(Module.java:598)
	at org.eclipse.osgi.container.Module.start(Module.java:462)
	at org.eclipse.osgi.container.ModuleContainer$ContainerStartLevel$1.run(ModuleContainer.java:1820)
	at org.eclipse.osgi.internal.framework.EquinoxContainerAdaptor$2$1.execute(EquinoxContainerAdaptor.java:150)
	at org.eclipse.osgi.container.ModuleContainer$ContainerStartLevel.incStartLevel(ModuleContainer.java:1813)
	at org.eclipse.osgi.container.ModuleContainer$ContainerStartLevel.incStartLevel(ModuleContainer.java:1770)
	at org.eclipse.osgi.container.ModuleContainer$ContainerStartLevel.doContainerStartLevel(ModuleContainer.java:1735)
	at org.eclipse.osgi.container.SystemModule.startWorker(SystemModule.java:269)
	at org.eclipse.osgi.container.Module.doStart(Module.java:598)
	at org.eclipse.osgi.container.Module.start(Module.java:462)
	at org.eclipse.osgi.container.SystemModule.start(SystemModule.java:193)
	at org.eclipse.osgi.internal.framework.EquinoxBundle.start(EquinoxBundle.java:439)
	at org.eclipse.osgi.internal.framework.EquinoxBundle.start(EquinoxBundle.java:458)
	at org.eclipse.osgi.launch.Equinox.start(Equinox.java:120)
	at org.eclipse.core.runtime.adaptor.EclipseStarter.startup(EclipseStarter.java:338)
	at java.base/jdk.internal.reflect.NativeMethodAccessorImpl.invoke0(Native Method)
	at java.base/jdk.internal.reflect.NativeMethodAccessorImpl.invoke(NativeMethodAccessorImpl.java:62)
	at java.base/jdk.internal.reflect.DelegatingMethodAccessorImpl.invoke(DelegatingMethodAccessorImpl.java:43)
	at java.base/java.lang.reflect.Method.invoke(Method.java:566)
	at org.wso2.carbon.server.CarbonLauncher.launch(CarbonLauncher.java:108)
	at org.wso2.carbon.server.Main.launchCarbon(Main.java:176)
	at org.wso2.carbon.server.Main.main(Main.java:109)
	at java.base/jdk.internal.reflect.NativeMethodAccessorImpl.invoke0(Native Method)
	at java.base/jdk.internal.reflect.NativeMethodAccessorImpl.invoke(NativeMethodAccessorImpl.java:62)
	at java.base/jdk.internal.reflect.DelegatingMethodAccessorImpl.invoke(DelegatingMethodAccessorImpl.java:43)
	at java.base/java.lang.reflect.Method.invoke(Method.java:566)
	at org.wso2.carbon.bootstrap.Bootstrap.loadClass(Bootstrap.java:69)
	at org.wso2.carbon.bootstrap.Bootstrap.main(Bootstrap.java:51)
Caused by: java.lang.IllegalArgumentException
	at org.eclipse.osgi.internal.framework.legacy.PackageAdminImpl.getBundles(PackageAdminImpl.java:208)
	at org.eclipse.equinox.internal.simpleconfigurator.ConfigApplier.refreshPackages(ConfigApplier.java:401)
	at org.eclipse.equinox.internal.simpleconfigurator.ConfigApplier.install(ConfigApplier.java:105)
	at org.eclipse.equinox.internal.simpleconfigurator.SimpleConfiguratorImpl.applyConfiguration(SimpleConfiguratorImpl.java:191)
	at org.eclipse.equinox.internal.simpleconfigurator.SimpleConfiguratorImpl.applyConfiguration(SimpleConfiguratorImpl.java:205)
	at org.eclipse.equinox.internal.simpleconfigurator.Activator.start(Activator.java:60)
	at org.eclipse.osgi.internal.framework.BundleContextImpl$3.run(BundleContextImpl.java:842)
	at org.eclipse.osgi.internal.framework.BundleContextImpl$3.run(BundleContextImpl.java:1)
	at java.base/java.security.AccessController.doPrivileged(Native Method)
	at org.eclipse.osgi.internal.framework.BundleContextImpl.startActivator(BundleContextImpl.java:834)
	... 31 more
Root exception:
java.lang.IllegalArgumentException
	at org.eclipse.osgi.internal.framework.legacy.PackageAdminImpl.getBundles(PackageAdminImpl.java:208)
	at org.eclipse.equinox.internal.simpleconfigurator.ConfigApplier.refreshPackages(ConfigApplier.java:401)
	at org.eclipse.equinox.internal.simpleconfigurator.ConfigApplier.install(ConfigApplier.java:105)
	at org.eclipse.equinox.internal.simpleconfigurator.SimpleConfiguratorImpl.applyConfiguration(SimpleConfiguratorImpl.java:191)
	at org.eclipse.equinox.internal.simpleconfigurator.SimpleConfiguratorImpl.applyConfiguration(SimpleConfiguratorImpl.java:205)
	at org.eclipse.equinox.internal.simpleconfigurator.Activator.start(Activator.java:60)
	at org.eclipse.osgi.internal.framework.BundleContextImpl$3.run(BundleContextImpl.java:842)
	at org.eclipse.osgi.internal.framework.BundleContextImpl$3.run(BundleContextImpl.java:1)
	at java.base/java.security.AccessController.doPrivileged(Native Method)
	at org.eclipse.osgi.internal.framework.BundleContextImpl.startActivator(BundleContextImpl.java:834)
	at org.eclipse.osgi.internal.framework.BundleContextImpl.start(BundleContextImpl.java:791)
	at org.eclipse.osgi.internal.framework.EquinoxBundle.startWorker0(EquinoxBundle.java:1013)
	at org.eclipse.osgi.internal.framework.EquinoxBundle$EquinoxModule.startWorker(EquinoxBundle.java:365)
	at org.eclipse.osgi.container.Module.doStart(Module.java:598)
	at org.eclipse.osgi.container.Module.start(Module.java:462)
	at org.eclipse.osgi.container.ModuleContainer$ContainerStartLevel$1.run(ModuleContainer.java:1820)
	at org.eclipse.osgi.internal.framework.EquinoxContainerAdaptor$2$1.execute(EquinoxContainerAdaptor.java:150)
	at org.eclipse.osgi.container.ModuleContainer$ContainerStartLevel.incStartLevel(ModuleContainer.java:1813)
	at org.eclipse.osgi.container.ModuleContainer$ContainerStartLevel.incStartLevel(ModuleContainer.java:1770)
	at org.eclipse.osgi.container.ModuleContainer$ContainerStartLevel.doContainerStartLevel(ModuleContainer.java:1735)
	at org.eclipse.osgi.container.SystemModule.startWorker(SystemModule.java:269)
	at org.eclipse.osgi.container.Module.doStart(Module.java:598)
	at org.eclipse.osgi.container.Module.start(Module.java:462)
	at org.eclipse.osgi.container.SystemModule.start(SystemModule.java:193)
	at org.eclipse.osgi.internal.framework.EquinoxBundle.start(EquinoxBundle.java:439)
	at org.eclipse.osgi.internal.framework.EquinoxBundle.start(EquinoxBundle.java:458)
	at org.eclipse.osgi.launch.Equinox.start(Equinox.java:120)
	at org.eclipse.core.runtime.adaptor.EclipseStarter.startup(EclipseStarter.java:338)
	at java.base/jdk.internal.reflect.NativeMethodAccessorImpl.invoke0(Native Method)
	at java.base/jdk.internal.reflect.NativeMethodAccessorImpl.invoke(NativeMethodAccessorImpl.java:62)
	at java.base/jdk.internal.reflect.DelegatingMethodAccessorImpl.invoke(DelegatingMethodAccessorImpl.java:43)
	at java.base/java.lang.reflect.Method.invoke(Method.java:566)
	at org.wso2.carbon.server.CarbonLauncher.launch(CarbonLauncher.java:108)
	at org.wso2.carbon.server.Main.launchCarbon(Main.java:176)
	at org.wso2.carbon.server.Main.main(Main.java:109)
	at java.base/jdk.internal.reflect.NativeMethodAccessorImpl.invoke0(Native Method)
	at java.base/jdk.internal.reflect.NativeMethodAccessorImpl.invoke(NativeMethodAccessorImpl.java:62)
	at java.base/jdk.internal.reflect.DelegatingMethodAccessorImpl.invoke(DelegatingMethodAccessorImpl.java:43)
	at java.base/java.lang.reflect.Method.invoke(Method.java:566)
	at org.wso2.carbon.bootstrap.Bootstrap.loadClass(Bootstrap.java:69)
	at org.wso2.carbon.bootstrap.Bootstrap.main(Bootstrap.java:51)

!ENTRY org.eclipse.osgi 4 0 2023-01-09 13:34:35.367
!MESSAGE Bundle org.eclipse.equinox.simpleconfigurator_1.1.200.v20160504-1450 [3] is not active.
